[debug] [2022-11-17T12:19:42.834Z] ----------------------------------------------------------------------
[debug] [2022-11-17T12:19:42.838Z] Command:       C:\D\00_SIR~1\firebase-tools-instant-win.exe C:\Users\rakes\.cache\firebase\tools\lib\node_modules\firebase-tools\lib\bin\firebase init
[debug] [2022-11-17T12:19:42.839Z] CLI Version:   11.16.1
[debug] [2022-11-17T12:19:42.839Z] Platform:      win32
[debug] [2022-11-17T12:19:42.839Z] Node Version:  v16.16.0
[debug] [2022-11-17T12:19:42.840Z] Time:          Thu Nov 17 2022 12:19:42 GMT+0000 (Greenwich Mean Time)
[debug] [2022-11-17T12:19:42.841Z] ----------------------------------------------------------------------
[debug] 
[debug] [2022-11-17T12:19:42.860Z] > command requires scopes: ["email","openid","https://www.googleapis.com/auth/cloudplatformprojects.readonly","https://www.googleapis.com/auth/firebase","https://www.googleapis.com/auth/cloud-platform"]
[debug] [2022-11-17T12:19:42.862Z] > authorizing via signed-in user (rksh345@gmail.com)
[info] 
     ######## #### ########  ######## ########     ###     ######  ########
     ##        ##  ##     ## ##       ##     ##  ##   ##  ##       ##
     ######    ##  ########  ######   ########  #########  ######  ######
     ##        ##  ##    ##  ##       ##     ## ##     ##       ## ##
     ##       #### ##     ## ######## ########  ##     ##  ######  ########

You're about to initialize a Firebase project in this directory:

  C:\D\00_Siris Consulting\00_Website\sirisconsulting

Before we get started, keep in mind:

  * You are currently outside your home directory

[info] 
=== Project Setup
[info] 
[info] First, let's associate this project directory with a Firebase project.
[info] You can create multiple project aliases by running firebase use --add, 
[info] but for now we'll just set up a default project.
[info] 
[debug] [2022-11-17T12:20:20.156Z] >>> [apiv2][query] GET https://firebase.googleapis.com/v1beta1/projects pageSize=100
[debug] [2022-11-17T12:20:20.839Z] <<< [apiv2][status] GET https://firebase.googleapis.com/v1beta1/projects 200
[debug] [2022-11-17T12:20:20.839Z] <<< [apiv2][body] GET https://firebase.googleapis.com/v1beta1/projects [omitted]
[info] i  Using project webapp-siris-consulting (WebApp Siris Consulting) 
[info] 
=== Hosting Setup
[info] 
[info] Your public directory is the folder (relative to your project directory) that
[info] will contain Hosting assets to be uploaded with firebase deploy. If you
[info] have a build process for your assets, use your build's output directory.
[info] 
[info] +  Wrote y/404.html 
[debug] [2022-11-17T12:20:50.544Z] >>> [apiv2][query] GET https://www.gstatic.com/firebasejs/releases.json [none]
[debug] [2022-11-17T12:20:50.788Z] <<< [apiv2][status] GET https://www.gstatic.com/firebasejs/releases.json 200
[debug] [2022-11-17T12:20:50.788Z] <<< [apiv2][body] GET https://www.gstatic.com/firebasejs/releases.json {"current":{"version":"9.14.0","browserURL":"https://www.gstatic.com/firebasejs/9.14.0/firebase.js","packageURL":"https://www.gstatic.com/firebasejs/9.14.0/firebase.tgz"},"live":{"version":"9.14","browserURL":"https://www.gstatic.com/firebasejs/live/9.14/firebase.js","packageURL":"https://www.gstatic.com/firebasejs/live/9.14/firebase.tgz"},"components":{"analytics":"https://www.gstatic.com/firebasejs/9.14.0/firebase-analytics.js","app":"https://www.gstatic.com/firebasejs/9.14.0/firebase-app.js","app-check":"https://www.gstatic.com/firebasejs/9.14.0/firebase-app-check.js","auth":"https://www.gstatic.com/firebasejs/9.14.0/firebase-auth.js","auth/cordova":"https://www.gstatic.com/firebasejs/9.14.0/firebase-auth/cordova.js","auth/react-native":"https://www.gstatic.com/firebasejs/9.14.0/firebase-auth/react-native.js","functions":"https://www.gstatic.com/firebasejs/9.14.0/firebase-functions.js","firestore":"https://www.gstatic.com/firebasejs/9.14.0/firebase-firestore.js","firestore/lite":"https://www.gstatic.com/firebasejs/9.14.0/firebase-firestore/lite.js","installations":"https://www.gstatic.com/firebasejs/9.14.0/firebase-installations.js","storage":"https://www.gstatic.com/firebasejs/9.14.0/firebase-storage.js","performance":"https://www.gstatic.com/firebasejs/9.14.0/firebase-performance.js","remote-config":"https://www.gstatic.com/firebasejs/9.14.0/firebase-remote-config.js","messaging":"https://www.gstatic.com/firebasejs/9.14.0/firebase-messaging.js","messaging/sw":"https://www.gstatic.com/firebasejs/9.14.0/firebase-messaging/sw.js","database":"https://www.gstatic.com/firebasejs/9.14.0/firebase-database.js","firestore.memory":"https://www.gstatic.com/firebasejs/9.14.0/firebase-firestore.memory.js"}}
[info] +  Wrote y/index.html 
[info] 
[info] i  Detected a .git folder at C:\D\00_Siris Consulting\00_Website\sirisconsulting 
[info] i  Authorizing with GitHub to upload your service account to a GitHub repository's secrets store. 
[info] 
[info] Visit this URL on this device to log in:
[info] https://github.com/login/oauth/authorize?client_id=89cf50f02ac6aaed3484&state=1038683556&redirect_uri=http%3A%2F%2Flocalhost%3A9005&scope=read%3Auser%20repo%20public_repo
[info] 
[info] Waiting for authentication...
[debug] [2022-11-17T12:21:05.085Z] >>> [apiv2][query] POST https://github.com/login/oauth/access_token [none]
[debug] [2022-11-17T12:21:05.085Z] >>> [apiv2][body] POST https://github.com/login/oauth/access_token [stream]
[debug] [2022-11-17T12:21:05.607Z] <<< [apiv2][status] POST https://github.com/login/oauth/access_token 200
[debug] [2022-11-17T12:21:05.607Z] <<< [apiv2][body] POST https://github.com/login/oauth/access_token {"access_token":"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","token_type":"bearer","scope":"read:user,repo"}
[debug] [2022-11-17T12:21:05.615Z] >>> [apiv2][query] GET https://api.github.com/user [none]
[debug] [2022-11-17T12:21:06.148Z] <<< [apiv2][status] GET https://api.github.com/user 200
[debug] [2022-11-17T12:21:06.149Z] <<< [apiv2][body] GET https://api.github.com/user {"login":"sirisconsulting","id":116870323,"node_id":"U_kgDOBvdMsw","avatar_url":"https://avatars.githubusercontent.com/u/116870323?v=4","gravatar_id":"","url":"https://api.github.com/users/sirisconsulting","html_url":"https://github.com/sirisconsulting","followers_url":"https://api.github.com/users/sirisconsulting/followers","following_url":"https://api.github.com/users/sirisconsulting/following{/other_user}","gists_url":"https://api.github.com/users/sirisconsulting/gists{/gist_id}","starred_url":"https://api.github.com/users/sirisconsulting/starred{/owner}{/repo}","subscriptions_url":"https://api.github.com/users/sirisconsulting/subscriptions","organizations_url":"https://api.github.com/users/sirisconsulting/orgs","repos_url":"https://api.github.com/users/sirisconsulting/repos","events_url":"https://api.github.com/users/sirisconsulting/events{/privacy}","received_events_url":"https://api.github.com/users/sirisconsulting/received_events","type":"User","site_admin":false,"name":null,"company":null,"blog":"","location":null,"email":null,"hireable":null,"bio":null,"twitter_username":null,"public_repos":1,"public_gists":0,"followers":0,"following":0,"created_at":"2022-10-28T07:10:35Z","updated_at":"2022-11-17T11:21:03Z","private_gists":0,"total_private_repos":0,"owned_private_repos":0,"disk_usage":37476,"collaborators":0,"two_factor_authentication":false,"plan":{"name":"free","space":976562499,"collaborators":0,"private_repos":10000}}
[info] 
[info] +  Success! Logged into GitHub as sirisconsulting 
[info] 
[debug] [2022-11-17T12:21:50.053Z] >>> [apiv2][query] GET https://api.github.com/repos//actions/secrets/public-key type=owner
[debug] [2022-11-17T12:21:50.509Z] <<< [apiv2][status] GET https://api.github.com/repos//actions/secrets/public-key 404
[debug] [2022-11-17T12:21:50.509Z] <<< [apiv2][body] GET https://api.github.com/repos//actions/secrets/public-key {"message":"Not Found","documentation_url":"https://docs.github.com/rest"}
